ERROR - 2025-10-17 12:00:26 --> Error connecting to the database: mysqli_sql_exception: No connection could be made because the target machine actively refused it in C:\xampp\htdocs\ITE311-BAJARIAS\system\Database\MySQLi\Connection.php:201
Stack trace:
#0 C:\xampp\htdocs\ITE311-BAJARIAS\system\Database\MySQLi\Connection.php(201): mysqli->real_connect('localhost', 'root', Object(SensitiveParameterValue), 'lms_bajarias', 3306, '', 0)
#1 C:\xampp\htdocs\ITE311-BAJARIAS\system\Database\BaseConnection.php(419): CodeIgniter\Database\MySQLi\Connection->connect(false)
#2 C:\xampp\htdocs\ITE311-BAJARIAS\system\Database\BaseConnection.php(614): CodeIgniter\Database\BaseConnection->initialize()
#3 C:\xampp\htdocs\ITE311-BAJARIAS\system\Database\BaseBuilder.php(1649): CodeIgniter\Database\BaseConnection->query('SELECT `course_...', Array, false)
#4 C:\xampp\htdocs\ITE311-BAJARIAS\system\Model.php(213): CodeIgniter\Database\BaseBuilder->get()
#5 C:\xampp\htdocs\ITE311-BAJARIAS\system\BaseModel.php(611): CodeIgniter\Model->doFind(false, NULL)
#6 C:\xampp\htdocs\ITE311-BAJARIAS\system\Model.php(252): CodeIgniter\BaseModel->find()
#7 C:\xampp\htdocs\ITE311-BAJARIAS\system\BaseModel.php(642): CodeIgniter\Model->doFindColumn('course_id')
#8 C:\xampp\htdocs\ITE311-BAJARIAS\app\Models\EnrollmentModel.php(64): CodeIgniter\BaseModel->findColumn('course_id')
#9 C:\xampp\htdocs\ITE311-BAJARIAS\app\Controllers\Auth.php(165): App\Models\EnrollmentModel->getAvailableCourses(4)
#10 C:\xampp\htdocs\ITE311-BAJARIAS\system\CodeIgniter.php(933): App\Controllers\Auth->dashboard()
#11 C:\xampp\htdocs\ITE311-BAJARIAS\system\CodeIgniter.php(507): CodeIgniter\CodeIgniter->runController(Object(App\Controllers\Auth))
#12 C:\xampp\htdocs\ITE311-BAJARIAS\system\CodeIgniter.php(354): CodeIgniter\CodeIgniter->handleRequest(NULL, Object(Config\Cache), false)
#13 C:\xampp\htdocs\ITE311-BAJARIAS\system\Boot.php(363): CodeIgniter\CodeIgniter->run()
#14 C:\xampp\htdocs\ITE311-BAJARIAS\system\Boot.php(68): CodeIgniter\Boot::runCodeIgniter(Object(CodeIgniter\CodeIgniter))
#15 C:\xampp\htdocs\ITE311-BAJARIAS\index.php(59): CodeIgniter\Boot::bootWeb(Object(Config\Paths))
#16 {main}

Next CodeIgniter\Database\Exceptions\DatabaseException: No connection could be made because the target machine actively refused it in C:\xampp\htdocs\ITE311-BAJARIAS\system\Database\MySQLi\Connection.php:246
Stack trace:
#0 C:\xampp\htdocs\ITE311-BAJARIAS\system\Database\BaseConnection.php(419): CodeIgniter\Database\MySQLi\Connection->connect(false)
#1 C:\xampp\htdocs\ITE311-BAJARIAS\system\Database\BaseConnection.php(614): CodeIgniter\Database\BaseConnection->initialize()
#2 C:\xampp\htdocs\ITE311-BAJARIAS\system\Database\BaseBuilder.php(1649): CodeIgniter\Database\BaseConnection->query('SELECT `course_...', Array, false)
#3 C:\xampp\htdocs\ITE311-BAJARIAS\system\Model.php(213): CodeIgniter\Database\BaseBuilder->get()
#4 C:\xampp\htdocs\ITE311-BAJARIAS\system\BaseModel.php(611): CodeIgniter\Model->doFind(false, NULL)
#5 C:\xampp\htdocs\ITE311-BAJARIAS\system\Model.php(252): CodeIgniter\BaseModel->find()
#6 C:\xampp\htdocs\ITE311-BAJARIAS\system\BaseModel.php(642): CodeIgniter\Model->doFindColumn('course_id')
#7 C:\xampp\htdocs\ITE311-BAJARIAS\app\Models\EnrollmentModel.php(64): CodeIgniter\BaseModel->findColumn('course_id')
#8 C:\xampp\htdocs\ITE311-BAJARIAS\app\Controllers\Auth.php(165): App\Models\EnrollmentModel->getAvailableCourses(4)
#9 C:\xampp\htdocs\ITE311-BAJARIAS\system\CodeIgniter.php(933): App\Controllers\Auth->dashboard()
#10 C:\xampp\htdocs\ITE311-BAJARIAS\system\CodeIgniter.php(507): CodeIgniter\CodeIgniter->runController(Object(App\Controllers\Auth))
#11 C:\xampp\htdocs\ITE311-BAJARIAS\system\CodeIgniter.php(354): CodeIgniter\CodeIgniter->handleRequest(NULL, Object(Config\Cache), false)
#12 C:\xampp\htdocs\ITE311-BAJARIAS\system\Boot.php(363): CodeIgniter\CodeIgniter->run()
#13 C:\xampp\htdocs\ITE311-BAJARIAS\system\Boot.php(68): CodeIgniter\Boot::runCodeIgniter(Object(CodeIgniter\CodeIgniter))
#14 C:\xampp\htdocs\ITE311-BAJARIAS\index.php(59): CodeIgniter\Boot::bootWeb(Object(Config\Paths))
#15 {main}
ERROR - 2025-10-17 12:00:30 --> Error connecting to the database: mysqli_sql_exception: No connection could be made because the target machine actively refused it in C:\xampp\htdocs\ITE311-BAJARIAS\system\Database\MySQLi\Connection.php:201
Stack trace:
#0 C:\xampp\htdocs\ITE311-BAJARIAS\system\Database\MySQLi\Connection.php(201): mysqli->real_connect('localhost', 'root', Object(SensitiveParameterValue), 'lms_bajarias', 3306, '', 0)
#1 C:\xampp\htdocs\ITE311-BAJARIAS\system\Database\BaseConnection.php(419): CodeIgniter\Database\MySQLi\Connection->connect(false)
#2 C:\xampp\htdocs\ITE311-BAJARIAS\system\Database\BaseConnection.php(614): CodeIgniter\Database\BaseConnection->initialize()
#3 C:\xampp\htdocs\ITE311-BAJARIAS\system\Database\BaseBuilder.php(1649): CodeIgniter\Database\BaseConnection->query('SELECT `enrollm...', Array, false)
#4 C:\xampp\htdocs\ITE311-BAJARIAS\app\Models\EnrollmentModel.php(41): CodeIgniter\Database\BaseBuilder->get()
#5 C:\xampp\htdocs\ITE311-BAJARIAS\app\Controllers\Course.php(112): App\Models\EnrollmentModel->getUserEnrollments('4')
#6 C:\xampp\htdocs\ITE311-BAJARIAS\system\CodeIgniter.php(933): App\Controllers\Course->getEnrolledCourses()
#7 C:\xampp\htdocs\ITE311-BAJARIAS\system\CodeIgniter.php(507): CodeIgniter\CodeIgniter->runController(Object(App\Controllers\Course))
#8 C:\xampp\htdocs\ITE311-BAJARIAS\system\CodeIgniter.php(354): CodeIgniter\CodeIgniter->handleRequest(NULL, Object(Config\Cache), false)
#9 C:\xampp\htdocs\ITE311-BAJARIAS\system\Boot.php(363): CodeIgniter\CodeIgniter->run()
#10 C:\xampp\htdocs\ITE311-BAJARIAS\system\Boot.php(68): CodeIgniter\Boot::runCodeIgniter(Object(CodeIgniter\CodeIgniter))
#11 C:\xampp\htdocs\ITE311-BAJARIAS\index.php(59): CodeIgniter\Boot::bootWeb(Object(Config\Paths))
#12 {main}

Next CodeIgniter\Database\Exceptions\DatabaseException: No connection could be made because the target machine actively refused it in C:\xampp\htdocs\ITE311-BAJARIAS\system\Database\MySQLi\Connection.php:246
Stack trace:
#0 C:\xampp\htdocs\ITE311-BAJARIAS\system\Database\BaseConnection.php(419): CodeIgniter\Database\MySQLi\Connection->connect(false)
#1 C:\xampp\htdocs\ITE311-BAJARIAS\system\Database\BaseConnection.php(614): CodeIgniter\Database\BaseConnection->initialize()
#2 C:\xampp\htdocs\ITE311-BAJARIAS\system\Database\BaseBuilder.php(1649): CodeIgniter\Database\BaseConnection->query('SELECT `enrollm...', Array, false)
#3 C:\xampp\htdocs\ITE311-BAJARIAS\app\Models\EnrollmentModel.php(41): CodeIgniter\Database\BaseBuilder->get()
#4 C:\xampp\htdocs\ITE311-BAJARIAS\app\Controllers\Course.php(112): App\Models\EnrollmentModel->getUserEnrollments('4')
#5 C:\xampp\htdocs\ITE311-BAJARIAS\system\CodeIgniter.php(933): App\Controllers\Course->getEnrolledCourses()
#6 C:\xampp\htdocs\ITE311-BAJARIAS\system\CodeIgniter.php(507): CodeIgniter\CodeIgniter->runController(Object(App\Controllers\Course))
#7 C:\xampp\htdocs\ITE311-BAJARIAS\system\CodeIgniter.php(354): CodeIgniter\CodeIgniter->handleRequest(NULL, Object(Config\Cache), false)
#8 C:\xampp\htdocs\ITE311-BAJARIAS\system\Boot.php(363): CodeIgniter\CodeIgniter->run()
#9 C:\xampp\htdocs\ITE311-BAJARIAS\system\Boot.php(68): CodeIgniter\Boot::runCodeIgniter(Object(CodeIgniter\CodeIgniter))
#10 C:\xampp\htdocs\ITE311-BAJARIAS\index.php(59): CodeIgniter\Boot::bootWeb(Object(Config\Paths))
#11 {main}
CRITICAL - 2025-10-17 12:00:30 --> CodeIgniter\Database\Exceptions\DatabaseException: Unable to connect to the database.
Main connection [MySQLi]: No connection could be made because the target machine actively refused it
[Method: GET, Route: course/enrolled]
in SYSTEMPATH\Database\BaseConnection.php on line 465.
 1 SYSTEMPATH\Database\BaseConnection.php(614): CodeIgniter\Database\BaseConnection->initialize()
 2 SYSTEMPATH\Database\BaseBuilder.php(1649): CodeIgniter\Database\BaseConnection->query('SELECT `enrollments`.*, `courses`.`title`, `courses`.`description`, `courses`.`created_at` as `course_created`
FROM `enrollments`
JOIN `courses` ON `courses`.`id` = `enrollments`.`course_id`
WHERE `enrollments`.`user_id` = :enrollments.user_id:', [...], false)
 3 APPPATH\Models\EnrollmentModel.php(41): CodeIgniter\Database\BaseBuilder->get()
 4 APPPATH\Controllers\Course.php(112): App\Models\EnrollmentModel->getUserEnrollments('4')
 5 SYSTEMPATH\CodeIgniter.php(933): App\Controllers\Course->getEnrolledCourses()
 6 SYSTEMPATH\CodeIgniter.php(507): CodeIgniter\CodeIgniter->runController(Object(App\Controllers\Course))
 7 SYSTEMPATH\CodeIgniter.php(354): CodeIgniter\CodeIgniter->handleRequest(null, Object(Config\Cache), false)
 8 SYSTEMPATH\Boot.php(363): CodeIgniter\CodeIgniter->run()
 9 SYSTEMPATH\Boot.php(68): CodeIgniter\Boot::runCodeIgniter(Object(CodeIgniter\CodeIgniter))
10 FCPATH\index.php(59): CodeIgniter\Boot::bootWeb(Object(Config\Paths))
ERROR - 2025-10-17 12:00:34 --> Error connecting to the database: mysqli_sql_exception: No connection could be made because the target machine actively refused it in C:\xampp\htdocs\ITE311-BAJARIAS\system\Database\MySQLi\Connection.php:201
Stack trace:
#0 C:\xampp\htdocs\ITE311-BAJARIAS\system\Database\MySQLi\Connection.php(201): mysqli->real_connect('localhost', 'root', Object(SensitiveParameterValue), 'lms_bajarias', 3306, '', 0)
#1 C:\xampp\htdocs\ITE311-BAJARIAS\system\Database\BaseConnection.php(419): CodeIgniter\Database\MySQLi\Connection->connect(false)
#2 C:\xampp\htdocs\ITE311-BAJARIAS\system\Database\BaseConnection.php(614): CodeIgniter\Database\BaseConnection->initialize()
#3 C:\xampp\htdocs\ITE311-BAJARIAS\system\Database\BaseBuilder.php(1649): CodeIgniter\Database\BaseConnection->query('SELECT *\nFROM `...', Array, false)
#4 C:\xampp\htdocs\ITE311-BAJARIAS\system\Model.php(210): CodeIgniter\Database\BaseBuilder->get()
#5 C:\xampp\htdocs\ITE311-BAJARIAS\system\BaseModel.php(611): CodeIgniter\Model->doFind(true, '1')
#6 C:\xampp\htdocs\ITE311-BAJARIAS\app\Models\CourseModel.php(40): CodeIgniter\BaseModel->find('1')
#7 C:\xampp\htdocs\ITE311-BAJARIAS\app\Controllers\Course.php(60): App\Models\CourseModel->getCourseById('1')
#8 C:\xampp\htdocs\ITE311-BAJARIAS\system\CodeIgniter.php(933): App\Controllers\Course->enroll()
#9 C:\xampp\htdocs\ITE311-BAJARIAS\system\CodeIgniter.php(507): CodeIgniter\CodeIgniter->runController(Object(App\Controllers\Course))
#10 C:\xampp\htdocs\ITE311-BAJARIAS\system\CodeIgniter.php(354): CodeIgniter\CodeIgniter->handleRequest(NULL, Object(Config\Cache), false)
#11 C:\xampp\htdocs\ITE311-BAJARIAS\system\Boot.php(363): CodeIgniter\CodeIgniter->run()
#12 C:\xampp\htdocs\ITE311-BAJARIAS\system\Boot.php(68): CodeIgniter\Boot::runCodeIgniter(Object(CodeIgniter\CodeIgniter))
#13 C:\xampp\htdocs\ITE311-BAJARIAS\index.php(59): CodeIgniter\Boot::bootWeb(Object(Config\Paths))
#14 {main}

Next CodeIgniter\Database\Exceptions\DatabaseException: No connection could be made because the target machine actively refused it in C:\xampp\htdocs\ITE311-BAJARIAS\system\Database\MySQLi\Connection.php:246
Stack trace:
#0 C:\xampp\htdocs\ITE311-BAJARIAS\system\Database\BaseConnection.php(419): CodeIgniter\Database\MySQLi\Connection->connect(false)
#1 C:\xampp\htdocs\ITE311-BAJARIAS\system\Database\BaseConnection.php(614): CodeIgniter\Database\BaseConnection->initialize()
#2 C:\xampp\htdocs\ITE311-BAJARIAS\system\Database\BaseBuilder.php(1649): CodeIgniter\Database\BaseConnection->query('SELECT *\nFROM `...', Array, false)
#3 C:\xampp\htdocs\ITE311-BAJARIAS\system\Model.php(210): CodeIgniter\Database\BaseBuilder->get()
#4 C:\xampp\htdocs\ITE311-BAJARIAS\system\BaseModel.php(611): CodeIgniter\Model->doFind(true, '1')
#5 C:\xampp\htdocs\ITE311-BAJARIAS\app\Models\CourseModel.php(40): CodeIgniter\BaseModel->find('1')
#6 C:\xampp\htdocs\ITE311-BAJARIAS\app\Controllers\Course.php(60): App\Models\CourseModel->getCourseById('1')
#7 C:\xampp\htdocs\ITE311-BAJARIAS\system\CodeIgniter.php(933): App\Controllers\Course->enroll()
#8 C:\xampp\htdocs\ITE311-BAJARIAS\system\CodeIgniter.php(507): CodeIgniter\CodeIgniter->runController(Object(App\Controllers\Course))
#9 C:\xampp\htdocs\ITE311-BAJARIAS\system\CodeIgniter.php(354): CodeIgniter\CodeIgniter->handleRequest(NULL, Object(Config\Cache), false)
#10 C:\xampp\htdocs\ITE311-BAJARIAS\system\Boot.php(363): CodeIgniter\CodeIgniter->run()
#11 C:\xampp\htdocs\ITE311-BAJARIAS\system\Boot.php(68): CodeIgniter\Boot::runCodeIgniter(Object(CodeIgniter\CodeIgniter))
#12 C:\xampp\htdocs\ITE311-BAJARIAS\index.php(59): CodeIgniter\Boot::bootWeb(Object(Config\Paths))
#13 {main}
CRITICAL - 2025-10-17 12:00:34 --> CodeIgniter\Database\Exceptions\DatabaseException: Unable to connect to the database.
Main connection [MySQLi]: No connection could be made because the target machine actively refused it
[Method: POST, Route: course/enroll]
in SYSTEMPATH\Database\BaseConnection.php on line 465.
 1 SYSTEMPATH\Database\BaseConnection.php(614): CodeIgniter\Database\BaseConnection->initialize()
 2 SYSTEMPATH\Database\BaseBuilder.php(1649): CodeIgniter\Database\BaseConnection->query('SELECT *
FROM `courses`
WHERE `courses`.`id` = :courses.id:', [...], false)
 3 SYSTEMPATH\Model.php(210): CodeIgniter\Database\BaseBuilder->get()
 4 SYSTEMPATH\BaseModel.php(611): CodeIgniter\Model->doFind(true, '1')
 5 APPPATH\Models\CourseModel.php(40): CodeIgniter\BaseModel->find('1')
 6 APPPATH\Controllers\Course.php(60): App\Models\CourseModel->getCourseById('1')
 7 SYSTEMPATH\CodeIgniter.php(933): App\Controllers\Course->enroll()
 8 SYSTEMPATH\CodeIgniter.php(507): CodeIgniter\CodeIgniter->runController(Object(App\Controllers\Course))
 9 SYSTEMPATH\CodeIgniter.php(354): CodeIgniter\CodeIgniter->handleRequest(null, Object(Config\Cache), false)
10 SYSTEMPATH\Boot.php(363): CodeIgniter\CodeIgniter->run()
11 SYSTEMPATH\Boot.php(68): CodeIgniter\Boot::runCodeIgniter(Object(CodeIgniter\CodeIgniter))
12 FCPATH\index.php(59): CodeIgniter\Boot::bootWeb(Object(Config\Paths))
